<?xml version="1.0" encoding="UTF-8"?>
<testng-results ignored="0" total="7" passed="7" failed="0" skipped="0">
  <reporter-output>
    <line>
      <![CDATA[Browser is opened]]>
    </line>
    <line>
      <![CDATA[User is hover on the location and click on banglore]]>
    </line>
    <line>
      <![CDATA[user is mouse hover on the buy link]]>
    </line>
    <line>
      <![CDATA[Budget Homes is displayed]]>
    </line>
    <line>
      <![CDATA[Flat in Banglore Page is displayed]]>
    </line>
    <line>
      <![CDATA[User is click on MenuBar Icon]]>
    </line>
    <line>
      <![CDATA[Help Link is displayed]]>
    </line>
    <line>
      <![CDATA[user is able to click on help link]]>
    </line>
    <line>
      <![CDATA[user clicks on help center and navigate to the help center page]]>
    </line>
    <line>
      <![CDATA[user clicks on the Explore More Link]]>
    </line>
    <line>
      <![CDATA[user click on manage calls/Alerts link and navigate to Manage Calls/Alters Page]]>
    </line>
    <line>
      <![CDATA[user is able to click on first qustion]]>
    </line>
    <line>
      <![CDATA[Browser is opened]]>
    </line>
    <line>
      <![CDATA[User is hover on the location and click on banglore]]>
    </line>
    <line>
      <![CDATA[user is mouse hover on the buy link]]>
    </line>
    <line>
      <![CDATA[Budget Homes is displayed]]>
    </line>
    <line>
      <![CDATA[User is able to navigte the Premium Homes Page]]>
    </line>
    <line>
      <![CDATA[user is able to mouse hover on HomeLoans Link]]>
    </line>
    <line>
      <![CDATA[user is click on the SBIHomeLoanEMICalculator Link and navigate to the SBIHomeLoanEMICalculator Page]]>
    </line>
    <line>
      <![CDATA[user is able to change the LoanTenure Years]]>
    </line>
    <line>
      <![CDATA[user is click on RecalculateYourEMI button and EMI amount is displayed]]>
    </line>
    <line>
      <![CDATA[Browser is opened]]>
    </line>
    <line>
      <![CDATA[User is hover on the location and click on banglore]]>
    </line>
    <line>
      <![CDATA[user is mouse hover on the buy link]]>
    </line>
    <line>
      <![CDATA[Budget Homes is displayed]]>
    </line>
    <line>
      <![CDATA[user is able to click on BudgetHomes and naviagted to the BudgetHomes Page]]>
    </line>
    <line>
      <![CDATA[user is click on BHK link]]>
    </line>
    <line>
      <![CDATA[user is click on 1bhk link]]>
    </line>
    <line>
      <![CDATA[Browser is opened]]>
    </line>
    <line>
      <![CDATA[User is hover on the location and click on banglore]]>
    </line>
    <line>
      <![CDATA[user is mouse hover on the buy link]]>
    </line>
    <line>
      <![CDATA[Budget Homes is displayed]]>
    </line>
    <line>
      <![CDATA[user is able to click on BudgetHomes and naviagted to the BudgetHomes Page]]>
    </line>
    <line>
      <![CDATA[User is able to click on BudgetLink]]>
    </line>
    <line>
      <![CDATA[user is able to select the ₹ 80 Lac Option]]>
    </line>
    <line>
      <![CDATA[user is navigate to the ₹ 80 Lac Page]]>
    </line>
    <line>
      <![CDATA[Browser is opened]]>
    </line>
    <line>
      <![CDATA[User is hover on the location and click on banglore]]>
    </line>
    <line>
      <![CDATA[user is mouse hover on the buy link]]>
    </line>
    <line>
      <![CDATA[Budget Homes is displayed]]>
    </line>
    <line>
      <![CDATA[user is able to click on BudgetHomes and naviagted to the BudgetHomes Page]]>
    </line>
    <line>
      <![CDATA[User is able to click on BudgetLink]]>
    </line>
    <line>
      <![CDATA[user is able to select the ₹ 1 Cr Option]]>
    </line>
    <line>
      <![CDATA[user is navigate to the ₹ 1 Cr Page]]>
    </line>
    <line>
      <![CDATA[Browser is opened]]>
    </line>
    <line>
      <![CDATA[User is hover on the location and click on banglore]]>
    </line>
    <line>
      <![CDATA[user is mouse hover on the buy link]]>
    </line>
    <line>
      <![CDATA[Budget Homes is displayed]]>
    </line>
    <line>
      <![CDATA[user is able to click on BudgetHomes and naviagted to the BudgetHomes Page]]>
    </line>
    <line>
      <![CDATA[User is able to click on BudgetLink]]>
    </line>
    <line>
      <![CDATA[user is able to select the ₹ 2.0 Cr Option]]>
    </line>
    <line>
      <![CDATA[user is navigate to the ₹ 2.0 Cr Page]]>
    </line>
    <line>
      <![CDATA[Browser is opened]]>
    </line>
    <line>
      <![CDATA[User is logged in]]>
    </line>
    <line>
      <![CDATA[Browser is opened]]>
    </line>
    <line>
      <![CDATA[User is hover on the location and click on banglore]]>
    </line>
    <line>
      <![CDATA[user is mouse hover on the buy link]]>
    </line>
    <line>
      <![CDATA[user is able to click on BudgetHomes and naviagted to the BudgetHomes Page]]>
    </line>
    <line>
      <![CDATA[user is click on like button]]>
    </line>
    <line>
      <![CDATA[user is able to click on shortlist button]]>
    </line>
    <line>
      <![CDATA[user is click on view your shortlist properties link]]>
    </line>
    <line>
      <![CDATA[user is able to see the flat in shortlist page]]>
    </line>
  </reporter-output>
  <suite started-at="2024-11-18T15:43:06 IST" name="Default suite" finished-at="2024-11-18T15:57:56 IST" duration-ms="889588">
    <groups>
      <group name="cucumber">
        <method signature="AbstractTestNGCucumberTests.runScenario(io.cucumber.testng.PickleWrapper,io.cucumber.testng.FeatureWrapper)[pri:0, instance:com.runners.CucumberRunner@79079097]" name="runScenario" class="io.cucumber.testng.AbstractTestNGCucumberTests"/>
      </group> <!-- cucumber -->
    </groups>
    <test started-at="2024-11-18T15:43:06 IST" name="Default test" finished-at="2024-11-18T15:57:56 IST" duration-ms="889588">
      <class name="com.runners.CucumberRunner">
        <test-method is-config="true" signature="setUpClass(org.testng.ITestContext)[pri:0, instance:com.runners.CucumberRunner@79079097]" started-at="2024-11-18T15:43:06 IST" name="setUpClass" finished-at="2024-11-18T15:43:07 IST" duration-ms="806" status="PASS">
          <params>
            <param index="0">
              <value>
                <![CDATA[org.testng.TestRunner@70ce2fb2]]>
              </value>
            </param>
          </params>
          <reporter-output>
          </reporter-output>
        </test-method> <!-- setUpClass -->
        <test-method signature="runScenario(io.cucumber.testng.PickleWrapper,io.cucumber.testng.FeatureWrapper)[pri:0, instance:com.runners.CucumberRunner@79079097]" started-at="2024-11-18T15:43:07 IST" name="runScenario" description="Runs Cucumber Scenarios" data-provider="scenarios" finished-at="2024-11-18T15:45:04 IST" duration-ms="116591" status="PASS">
          <params>
            <param index="0">
              <value>
                <![CDATA["Validate that the user should be able to see the Manage Calls/Alerts answers"]]>
              </value>
            </param>
            <param index="1">
              <value>
                <![CDATA["BuyLink"]]>
              </value>
            </param>
          </params>
          <reporter-output>
            <line>
              <![CDATA[Browser is opened]]>
            </line>
            <line>
              <![CDATA[User is hover on the location and click on banglore]]>
            </line>
            <line>
              <![CDATA[user is mouse hover on the buy link]]>
            </line>
            <line>
              <![CDATA[Budget Homes is displayed]]>
            </line>
            <line>
              <![CDATA[Flat in Banglore Page is displayed]]>
            </line>
            <line>
              <![CDATA[User is click on MenuBar Icon]]>
            </line>
            <line>
              <![CDATA[Help Link is displayed]]>
            </line>
            <line>
              <![CDATA[user is able to click on help link]]>
            </line>
            <line>
              <![CDATA[user clicks on help center and navigate to the help center page]]>
            </line>
            <line>
              <![CDATA[user clicks on the Explore More Link]]>
            </line>
            <line>
              <![CDATA[user click on manage calls/Alerts link and navigate to Manage Calls/Alters Page]]>
            </line>
            <line>
              <![CDATA[user is able to click on first qustion]]>
            </line>
          </reporter-output>
        </test-method> <!-- runScenario -->
        <test-method signature="runScenario(io.cucumber.testng.PickleWrapper,io.cucumber.testng.FeatureWrapper)[pri:0, instance:com.runners.CucumberRunner@79079097]" started-at="2024-11-18T15:45:04 IST" name="runScenario" description="Runs Cucumber Scenarios" data-provider="scenarios" finished-at="2024-11-18T15:46:52 IST" duration-ms="108794" status="PASS">
          <params>
            <param index="0">
              <value>
                <![CDATA["Validate that the user able to Calculate the Emi"]]>
              </value>
            </param>
            <param index="1">
              <value>
                <![CDATA["BuyLink"]]>
              </value>
            </param>
          </params>
          <reporter-output>
            <line>
              <![CDATA[Browser is opened]]>
            </line>
            <line>
              <![CDATA[User is hover on the location and click on banglore]]>
            </line>
            <line>
              <![CDATA[user is mouse hover on the buy link]]>
            </line>
            <line>
              <![CDATA[Budget Homes is displayed]]>
            </line>
            <line>
              <![CDATA[User is able to navigte the Premium Homes Page]]>
            </line>
            <line>
              <![CDATA[user is able to mouse hover on HomeLoans Link]]>
            </line>
            <line>
              <![CDATA[user is click on the SBIHomeLoanEMICalculator Link and navigate to the SBIHomeLoanEMICalculator Page]]>
            </line>
            <line>
              <![CDATA[user is able to change the LoanTenure Years]]>
            </line>
            <line>
              <![CDATA[user is click on RecalculateYourEMI button and EMI amount is displayed]]>
            </line>
          </reporter-output>
        </test-method> <!-- runScenario -->
        <test-method signature="runScenario(io.cucumber.testng.PickleWrapper,io.cucumber.testng.FeatureWrapper)[pri:0, instance:com.runners.CucumberRunner@79079097]" started-at="2024-11-18T15:46:52 IST" name="runScenario" description="Runs Cucumber Scenarios" data-provider="scenarios" finished-at="2024-11-18T15:48:44 IST" duration-ms="111688" status="PASS">
          <params>
            <param index="0">
              <value>
                <![CDATA["Validate that user is able to click on flatName and navigate to the details of the flat page"]]>
              </value>
            </param>
            <param index="1">
              <value>
                <![CDATA["BuyLink"]]>
              </value>
            </param>
          </params>
          <reporter-output>
            <line>
              <![CDATA[Browser is opened]]>
            </line>
            <line>
              <![CDATA[User is hover on the location and click on banglore]]>
            </line>
            <line>
              <![CDATA[user is mouse hover on the buy link]]>
            </line>
            <line>
              <![CDATA[Budget Homes is displayed]]>
            </line>
            <line>
              <![CDATA[user is able to click on BudgetHomes and naviagted to the BudgetHomes Page]]>
            </line>
            <line>
              <![CDATA[user is click on BHK link]]>
            </line>
            <line>
              <![CDATA[user is click on 1bhk link]]>
            </line>
          </reporter-output>
        </test-method> <!-- runScenario -->
        <test-method signature="runScenario(io.cucumber.testng.PickleWrapper,io.cucumber.testng.FeatureWrapper)[pri:0, instance:com.runners.CucumberRunner@79079097]" started-at="2024-11-18T15:48:44 IST" name="runScenario" description="Runs Cucumber Scenarios" data-provider="scenarios" finished-at="2024-11-18T15:50:33 IST" duration-ms="108429" status="PASS">
          <params>
            <param index="0">
              <value>
                <![CDATA["Validate that the user is able to change the maxOption in Budget and navigate to that relavent Page"]]>
              </value>
            </param>
            <param index="1">
              <value>
                <![CDATA["BuyLink"]]>
              </value>
            </param>
          </params>
          <reporter-output>
            <line>
              <![CDATA[Browser is opened]]>
            </line>
            <line>
              <![CDATA[User is hover on the location and click on banglore]]>
            </line>
            <line>
              <![CDATA[user is mouse hover on the buy link]]>
            </line>
            <line>
              <![CDATA[Budget Homes is displayed]]>
            </line>
            <line>
              <![CDATA[user is able to click on BudgetHomes and naviagted to the BudgetHomes Page]]>
            </line>
            <line>
              <![CDATA[User is able to click on BudgetLink]]>
            </line>
            <line>
              <![CDATA[user is able to select the ₹ 80 Lac Option]]>
            </line>
            <line>
              <![CDATA[user is navigate to the ₹ 80 Lac Page]]>
            </line>
          </reporter-output>
        </test-method> <!-- runScenario -->
        <test-method signature="runScenario(io.cucumber.testng.PickleWrapper,io.cucumber.testng.FeatureWrapper)[pri:0, instance:com.runners.CucumberRunner@79079097]" started-at="2024-11-18T15:50:33 IST" name="runScenario" description="Runs Cucumber Scenarios" data-provider="scenarios" finished-at="2024-11-18T15:52:21 IST" duration-ms="108869" status="PASS">
          <params>
            <param index="0">
              <value>
                <![CDATA["Validate that the user is able to change the maxOption in Budget and navigate to that relavent Page"]]>
              </value>
            </param>
            <param index="1">
              <value>
                <![CDATA["BuyLink"]]>
              </value>
            </param>
          </params>
          <reporter-output>
            <line>
              <![CDATA[Browser is opened]]>
            </line>
            <line>
              <![CDATA[User is hover on the location and click on banglore]]>
            </line>
            <line>
              <![CDATA[user is mouse hover on the buy link]]>
            </line>
            <line>
              <![CDATA[Budget Homes is displayed]]>
            </line>
            <line>
              <![CDATA[user is able to click on BudgetHomes and naviagted to the BudgetHomes Page]]>
            </line>
            <line>
              <![CDATA[User is able to click on BudgetLink]]>
            </line>
            <line>
              <![CDATA[user is able to select the ₹ 1 Cr Option]]>
            </line>
            <line>
              <![CDATA[user is navigate to the ₹ 1 Cr Page]]>
            </line>
          </reporter-output>
        </test-method> <!-- runScenario -->
        <test-method signature="runScenario(io.cucumber.testng.PickleWrapper,io.cucumber.testng.FeatureWrapper)[pri:0, instance:com.runners.CucumberRunner@79079097]" started-at="2024-11-18T15:52:21 IST" name="runScenario" description="Runs Cucumber Scenarios" data-provider="scenarios" finished-at="2024-11-18T15:54:08 IST" duration-ms="107081" status="PASS">
          <params>
            <param index="0">
              <value>
                <![CDATA["Validate that the user is able to change the maxOption in Budget and navigate to that relavent Page"]]>
              </value>
            </param>
            <param index="1">
              <value>
                <![CDATA["BuyLink"]]>
              </value>
            </param>
          </params>
          <reporter-output>
            <line>
              <![CDATA[Browser is opened]]>
            </line>
            <line>
              <![CDATA[User is hover on the location and click on banglore]]>
            </line>
            <line>
              <![CDATA[user is mouse hover on the buy link]]>
            </line>
            <line>
              <![CDATA[Budget Homes is displayed]]>
            </line>
            <line>
              <![CDATA[user is able to click on BudgetHomes and naviagted to the BudgetHomes Page]]>
            </line>
            <line>
              <![CDATA[User is able to click on BudgetLink]]>
            </line>
            <line>
              <![CDATA[user is able to select the ₹ 2.0 Cr Option]]>
            </line>
            <line>
              <![CDATA[user is navigate to the ₹ 2.0 Cr Page]]>
            </line>
          </reporter-output>
        </test-method> <!-- runScenario -->
        <test-method signature="runScenario(io.cucumber.testng.PickleWrapper,io.cucumber.testng.FeatureWrapper)[pri:0, instance:com.runners.CucumberRunner@79079097]" started-at="2024-11-18T15:54:08 IST" name="runScenario" description="Runs Cucumber Scenarios" data-provider="scenarios" finished-at="2024-11-18T15:57:55 IST" duration-ms="226653" status="PASS">
          <params>
            <param index="0">
              <value>
                <![CDATA["Validate that the user is able to add flat to the shortList"]]>
              </value>
            </param>
            <param index="1">
              <value>
                <![CDATA["MagicBrickBuyModule"]]>
              </value>
            </param>
          </params>
          <reporter-output>
            <line>
              <![CDATA[Browser is opened]]>
            </line>
            <line>
              <![CDATA[User is logged in]]>
            </line>
            <line>
              <![CDATA[Browser is opened]]>
            </line>
            <line>
              <![CDATA[User is hover on the location and click on banglore]]>
            </line>
            <line>
              <![CDATA[user is mouse hover on the buy link]]>
            </line>
            <line>
              <![CDATA[user is able to click on BudgetHomes and naviagted to the BudgetHomes Page]]>
            </line>
            <line>
              <![CDATA[user is click on like button]]>
            </line>
            <line>
              <![CDATA[user is able to click on shortlist button]]>
            </line>
            <line>
              <![CDATA[user is click on view your shortlist properties link]]>
            </line>
            <line>
              <![CDATA[user is able to see the flat in shortlist page]]>
            </line>
          </reporter-output>
        </test-method> <!-- runScenario -->
        <test-method is-config="true" signature="tearDownClass()[pri:0, instance:com.runners.CucumberRunner@79079097]" started-at="2024-11-18T15:57:55 IST" name="tearDownClass" finished-at="2024-11-18T15:57:56 IST" duration-ms="604" status="PASS">
          <reporter-output>
          </reporter-output>
        </test-method> <!-- tearDownClass -->
      </class> <!-- com.runners.CucumberRunner -->
    </test> <!-- Default test -->
  </suite> <!-- Default suite -->
</testng-results>
